<?xml version="1.0" encoding="UTF-8"?>
<!-- Generated by org.testng.reporters.JUnitReportReporter -->
<testsuite hostname="DESKTOP-03F20BQ" failures="0" tests="3" name="groups.Group1" time="0.018" errors="0" timestamp="2024-12-12T12:07:37 IST" skipped="0">
  <testcase classname="groups.Group1" name="compose" time="0.013"/>
  <system-out/>
  <testcase classname="groups.Group1" name="sentItems" time="0.001"/>
  <system-out/>
  <testcase classname="groups.Group1" name="trash" time="0.004"/>
  <system-out/>
</testsuite> <!-- groups.Group1 -->
