<?xml version="1.0" encoding="UTF-8"?>
<!-- Generated by org.testng.reporters.JUnitReportReporter -->
<testsuite hostname="DESKTOP-03F20BQ" failures="0" tests="1" name="groups.GroupsExample" time="0.053" errors="0" timestamp="2024-12-12T11:45:58 IST" skipped="0">
  <testcase classname="groups.GroupsExample" name="test1" time="0.053"/>
  <system-out/>
</testsuite> <!-- groups.GroupsExample -->
