<?xml version="1.0" encoding="UTF-8"?>
<!-- Generated by org.testng.reporters.JUnitReportReporter -->
<testsuite hostname="DESKTOP-03F20BQ" failures="0" tests="1" name="Task.Pen" time="20.314" errors="0" timestamp="2024-12-01T15:22:48 IST" skipped="0">
  <testcase classname="Task.Pen" name="hard" time="20.314"/>
  <system-out/>
</testsuite> <!-- Task.Pen -->
