<?xml version="1.0" encoding="UTF-8"?>
<!-- Generated by org.testng.reporters.JUnitReportReporter -->
<testsuite hostname="DESKTOP-03F20BQ" failures="0" tests="1" name="script.Demo2" time="0.001" errors="0" timestamp="2024-11-27T11:35:58 IST" skipped="0">
  <testcase classname="script.Demo2" name="test3" time="0.001"/>
  <system-out>
    <![CDATA[Indian]]>
  </system-out>
</testsuite> <!-- script.Demo2 -->
