<?xml version="1.0" encoding="UTF-8"?>
<!-- Generated by org.testng.reporters.JUnitReportReporter -->
<testsuite hostname="DESKTOP-03F20BQ" failures="0" tests="3" name="groups.Group2" time="0.009" errors="0" timestamp="2024-12-12T12:06:17 IST" skipped="0">
  <testcase classname="groups.Group2" name="test2" time="0.004"/>
  <system-out/>
  <testcase classname="groups.Group2" name="test1" time="0.003"/>
  <system-out/>
  <testcase classname="groups.Group2" name="test3" time="0.002"/>
  <system-out/>
</testsuite> <!-- groups.Group2 -->
