<?xml version="1.0" encoding="UTF-8"?>
<!-- Generated by org.testng.reporters.JUnitReportReporter -->
<testsuite hostname="DESKTOP-03F20BQ" failures="0" tests="1" name="Script1.Demo2" time="11.339" errors="0" timestamp="2024-11-27T12:06:51 IST" skipped="0">
  <testcase classname="Script1.Demo2" name="disp1" time="11.339"/>
  <system-out/>
</testsuite> <!-- Script1.Demo2 -->
