<?xml version="1.0" encoding="UTF-8"?>
<!-- Generated by org.testng.reporters.JUnitReportReporter -->
<testsuite hostname="DESKTOP-03F20BQ" failures="0" tests="3" name="dataProvider.DpExample" time="175.594" errors="0" timestamp="2024-12-12T22:16:38 IST" skipped="0">
  <testcase classname="dataProvider.DpExample" name="launch" time="84.616"/>
  <system-out/>
  <testcase classname="dataProvider.DpExample" name="launch" time="47.348"/>
  <system-out/>
  <testcase classname="dataProvider.DpExample" name="launch" time="43.630"/>
  <system-out/>
</testsuite> <!-- dataProvider.DpExample -->
