<?xml version="1.0" encoding="UTF-8"?>
<!-- Generated by org.testng.reporters.JUnitReportReporter -->
<testsuite hostname="DESKTOP-03F20BQ" failures="0" tests="1" name="extentReports.Report1" time="2.333" errors="0" timestamp="2024-12-10T12:50:42 IST" skipped="0">
  <testcase classname="extentReports.Report1" name="test1" time="2.333"/>
  <system-out/>
</testsuite> <!-- extentReports.Report1 -->
