<?xml version="1.0" encoding="UTF-8"?>
<!-- Generated by org.testng.reporters.JUnitReportReporter -->
<testsuite hostname="DESKTOP-03F20BQ" failures="0" tests="2" name="log4j.reportL" time="0.360" errors="0" timestamp="2024-12-10T16:15:19 IST" skipped="0">
  <testcase classname="log4j.reportL" name="console" time="0.284"/>
  <system-out/>
  <testcase classname="log4j.reportL" name="folder" time="0.076"/>
  <system-out/>
</testsuite> <!-- log4j.reportL -->
