<?xml version="1.0" encoding="UTF-8"?>
<!-- Generated by org.testng.reporters.JUnitReportReporter -->
<testsuite hostname="DESKTOP-03F20BQ" failures="0" tests="1" name="Runner.RunFacebook" time="26.138" errors="0" timestamp="2024-12-03T17:03:57 IST" skipped="0">
  <testcase classname="Runner.RunFacebook" name="execute" time="26.138"/>
  <system-out/>
</testsuite> <!-- Runner.RunFacebook -->
