<?xml version="1.0" encoding="UTF-8"?>
<!-- Generated by org.testng.reporters.JUnitReportReporter -->
<testsuite hostname="DESKTOP-03F20BQ" failures="0" tests="3" name="dataProvider.DataProvExample" time="124.506" errors="0" timestamp="2024-12-14T12:20:30 IST" skipped="0">
  <testcase classname="dataProvider.DataProvExample" name="write" time="29.661"/>
  <system-out/>
  <testcase classname="dataProvider.DataProvExample" name="write" time="76.394"/>
  <system-out/>
  <testcase classname="dataProvider.DataProvExample" name="write" time="18.451"/>
  <system-out/>
</testsuite> <!-- dataProvider.DataProvExample -->
