<?xml version="1.0" encoding="UTF-8"?>
<!-- Generated by org.testng.reporters.JUnitReportReporter -->
<testsuite hostname="DESKTOP-03F20BQ" failures="0" tests="3" name="dataProvider.FormFilling" time="87.996" errors="0" timestamp="2024-12-12T22:43:25 IST" skipped="0">
  <testcase classname="dataProvider.FormFilling" name="fill" time="18.700"/>
  <system-out/>
  <testcase classname="dataProvider.FormFilling" name="fill" time="28.016"/>
  <system-out/>
  <testcase classname="dataProvider.FormFilling" name="fill" time="41.280"/>
  <system-out/>
</testsuite> <!-- dataProvider.FormFilling -->
