<?xml version="1.0" encoding="UTF-8"?>
<!-- Generated by org.testng.reporters.JUnitReportReporter -->
<testsuite hostname="DESKTOP-03F20BQ" failures="0" tests="1" name="Runner.RunFB" time="62.545" errors="0" timestamp="2024-12-03T11:33:39 IST" skipped="0">
  <testcase classname="Runner.RunFB" name="Fb" time="62.545"/>
  <system-out/>
</testsuite> <!-- Runner.RunFB -->
