<?xml version="1.0" encoding="UTF-8"?>
<!-- Generated by org.testng.reporters.JUnitReportReporter -->
<testsuite hostname="DESKTOP-03F20BQ" failures="0" tests="2" name="parameter.ParallelEx" time="38.422" errors="0" timestamp="2024-12-06T12:27:50 IST" skipped="0">
  <testcase classname="parameter.ParallelEx" name="pEx" time="9.672"/>
  <system-out/>
  <testcase classname="parameter.ParallelEx" name="pEx" time="28.750"/>
  <system-out/>
</testsuite> <!-- parameter.ParallelEx -->
