<?xml version="1.0" encoding="UTF-8"?>
<!-- Generated by org.testng.reporters.JUnitReportReporter -->
<testsuite hostname="DESKTOP-03F20BQ" failures="0" tests="2" name="script.Demo" time="0.015" errors="0" timestamp="2024-11-27T11:35:58 IST" skipped="0">
  <testcase classname="script.Demo" name="check" time="0.012"/>
  <system-out>
    <![CDATA[hello]]>
  </system-out>
  <testcase classname="script.Demo" name="check1" time="0.003"/>
  <system-out>
    <![CDATA[world]]>
  </system-out>
</testsuite> <!-- script.Demo -->
