<?xml version="1.0" encoding="UTF-8"?>
<!-- Generated by org.testng.reporters.JUnitReportReporter -->
<testsuite hostname="DESKTOP-03F20BQ" failures="0" tests="4" name="com.comcast.crm.BaseTestUtility.SampleTestScript" time="0.053" errors="0" timestamp="2025-01-21T09:32:47 IST" skipped="0">
  <testcase classname="com.comcast.crm.BaseTestUtility.SampleTestScript" name="AreateOrgTest" time="0.016"/>
  <testcase classname="com.comcast.crm.BaseTestUtility.SampleTestScript" name="createOrgTest" time="0.013"/>
  <testcase classname="com.comcast.crm.BaseTestUtility.SampleTestScript" name="testBase" time="0.014"/>
  <testcase classname="com.comcast.crm.BaseTestUtility.SampleTestScript" name="createContactTest" time="0.010"/>
</testsuite> <!-- com.comcast.crm.BaseTestUtility.SampleTestScript -->
