<?xml version="1.0" encoding="UTF-8"?>
<!-- Generated by org.testng.reporters.JUnitReportReporter -->
<testsuite hostname="DESKTOP-03F20BQ" failures="0" tests="4" name="com.comcast.crm.BaseTestUtility.SampleTestScript2" time="0.056" errors="0" timestamp="2025-01-21T09:34:33 IST" skipped="0">
  <testcase classname="com.comcast.crm.BaseTestUtility.SampleTestScript2" name="testBase" time="0.018"/>
  <testcase classname="com.comcast.crm.BaseTestUtility.SampleTestScript2" name="DeleteOrgTest" time="0.012"/>
  <testcase classname="com.comcast.crm.BaseTestUtility.SampleTestScript2" name="clearContactTest" time="0.010"/>
  <testcase classname="com.comcast.crm.BaseTestUtility.SampleTestScript2" name="OrgTest" time="0.016"/>
</testsuite> <!-- com.comcast.crm.BaseTestUtility.SampleTestScript2 -->
