<?xml version="1.0" encoding="UTF-8"?>
<!-- Generated by org.testng.reporters.JUnitReportReporter -->
<testsuite hostname="DESKTOP-03F20BQ" failures="0" tests="1" name="com.comcast.crm.BaseTestUtility.SampleBaseClass" time="0.014" errors="0" timestamp="2025-01-21T09:29:24 IST" skipped="0">
  <testcase classname="com.comcast.crm.BaseTestUtility.SampleBaseClass" name="testBase" time="0.014"/>
</testsuite> <!-- com.comcast.crm.BaseTestUtility.SampleBaseClass -->
