<?xml version="1.0" encoding="UTF-8"?>
<!-- Generated by org.testng.reporters.JUnitReportReporter -->
<testsuite hostname="DESKTOP-03F20BQ" failures="0" tests="3" name="practiceDataProvider.DtProTest" time="0.013" errors="0" timestamp="2025-01-19T23:13:54 IST" skipped="0">
  <testcase classname="practiceDataProvider.DtProTest" name="getTestData" time="0.009"/>
  <testcase classname="practiceDataProvider.DtProTest" name="getTestData" time="0.002"/>
  <testcase classname="practiceDataProvider.DtProTest" name="getTestData" time="0.002"/>
</testsuite> <!-- practiceDataProvider.DtProTest -->
