<?xml version="1.0" encoding="UTF-8"?>
<!-- Generated by org.testng.reporters.JUnitReportReporter -->
<testsuite hostname="DESKTOP-03F20BQ" failures="0" tests="3" name="practiceDataProvider.createContactWithDtProTest" time="0.015" errors="0" timestamp="2025-01-18T17:00:59 IST" skipped="0">
  <testcase classname="practiceDataProvider.createContactWithDtProTest" name="createcontactFromDP" time="0.009"/>
  <testcase classname="practiceDataProvider.createContactWithDtProTest" name="createcontactFromDP" time="0.004"/>
  <testcase classname="practiceDataProvider.createContactWithDtProTest" name="createcontactFromDP" time="0.002"/>
</testsuite> <!-- practiceDataProvider.createContactWithDtProTest -->
