<?xml version="1.0" encoding="UTF-8"?>
<!-- Generated by org.testng.reporters.JUnitReportReporter -->
<testsuite hostname="DESKTOP-03F20BQ" failures="0" tests="3" name="practiceDataProvider.createOrgWithDtProTest1" time="0.025" errors="0" timestamp="2025-01-18T17:16:44 IST" skipped="0">
  <testcase classname="practiceDataProvider.createOrgWithDtProTest1" name="createcontactFromDP1" time="0.012"/>
  <testcase classname="practiceDataProvider.createOrgWithDtProTest1" name="createcontactFromDP1" time="0.003"/>
  <testcase classname="practiceDataProvider.createOrgWithDtProTest1" name="createcontactFromDP1" time="0.010"/>
</testsuite> <!-- practiceDataProvider.createOrgWithDtProTest1 -->
